<?xml version="1.0" encoding="UTF-8"?>
<!-- Generated by org.testng.reporters.JUnitReportReporter -->
<testsuite hostname="DESKTOP-97JTT9S" failures="0" tests="1" name="sampleTestProjectJenkins.TEST.TESTCLass1" time="4.731" errors="0" timestamp="2023-06-01T19:13:58 IST" skipped="0">
  <testcase classname="sampleTestProjectJenkins.TEST.TESTCLass1" name="test1" time="4.731"/>
  <system-out/>
</testsuite> <!-- sampleTestProjectJenkins.TEST.TESTCLass1 -->
