<?xml version="1.0" encoding="UTF-8"?>
<!-- Generated by org.testng.reporters.JUnitReportReporter -->
<testsuite hostname="DESKTOP-97JTT9S" failures="0" tests="1" name="sampleTestProjectJenkins.TEST.test" time="0.016" errors="0" timestamp="2023-06-01T19:04:04 IST" skipped="0">
  <testcase classname="sampleTestProjectJenkins.TEST.test" name="test1" time="0.016"/>
  <system-out/>
</testsuite> <!-- sampleTestProjectJenkins.TEST.test -->
