<?xml version="1.0" encoding="UTF-8"?>
<!-- Generated by org.testng.reporters.JUnitReportReporter -->
<testsuite hostname="DESKTOP-97JTT9S" failures="0" tests="1" name="com.qa.test.TestngTestpkg" time="0.003" errors="0" timestamp="2023-05-25T19:23:03 IST" skipped="0">
  <testcase classname="com.qa.test.TestngTestpkg" name="Test001" time="0.003"/>
  <system-out/>
</testsuite> <!-- com.qa.test.TestngTestpkg -->
