<?xml version="1.0" encoding="UTF-8"?>
<!-- Generated by org.testng.reporters.JUnitReportReporter -->
<testsuite skipped="0" hostname="DESKTOP-2E8NSE8" name="com.qa.test.TestngTestpkg" tests="1" failures="0" timestamp="2021-07-20T20:35:09 IST" time="0.019" errors="0">
  <testcase name="Test001" time="0.019" classname="com.qa.test.TestngTestpkg"/>
  <system-out/>
</testsuite> <!-- com.qa.test.TestngTestpkg -->
