<?xml version="1.0" encoding="UTF-8"?>
<!-- Generated by org.testng.reporters.JUnitReportReporter -->
<testsuite hostname="DESKTOP-97JTT9S" failures="0" tests="1" name="sampleDemoTest" time="0.014" errors="0" timestamp="2023-06-01T19:43:02 IST" skipped="0">
  <testcase classname="sampleDemoTest" name="test001" time="0.014"/>
  <system-out/>
</testsuite> <!-- sampleDemoTest -->
