<?xml version="1.0" encoding="UTF-8"?>
<!-- Generated by org.testng.reporters.JUnitReportReporter -->
<testsuite hostname="DESKTOP-2E8NSE8" failures="0" tests="1" name="sampleDemoTest" time="0.016" errors="0" timestamp="2021-05-11T21:20:46 IST" skipped="0">
  <testcase classname="sampleDemoTest" name="test001" time="0.016"/>
  <system-out/>
</testsuite> <!-- sampleDemoTest -->
