<?xml version="1.0" encoding="UTF-8"?>
<!-- Generated by org.testng.reporters.JUnitReportReporter -->
<testsuite hostname="DESKTOP-97JTT9S" failures="0" tests="1" name="sampleDemoTest" time="0.017" errors="0" timestamp="2023-05-25T19:23:03 IST" skipped="0">
  <testcase classname="sampleDemoTest" name="test001" time="0.017"/>
  <system-out/>
</testsuite> <!-- sampleDemoTest -->
